app/build/intermediates/manifest_merge_blame_file/debug/manifest-merger-blame-debug-report.txt
1<?xml version="1.0" encoding="utf-8"?>
2<manifest xmlns:android="http://schemas.android.com/apk/res/android"
3    xmlns:dist="http://schemas.android.com/apk/distribution"
4    package="com.vcc.trackcar"
5    android:versionCode="3"
6    android:versionName="1.2" >
7
8    <uses-sdk
9        android:minSdkVersion="22"
9-->src/main/AndroidManifest.xml
10        android:targetSdkVersion="29" />
10-->src/main/AndroidManifest.xml
11
12    <!--
13         The ACCESS_COARSE/FINE_LOCATION permissions are not required to use
14         Google Maps Android API v2, but you must specify either coarse or fine
15         location permissions for the 'MyLocation' functionality.
16    -->
17    <uses-permission android:name="android.permission.ACCESS_NETWORK_STATE" />
17-->src/main/AndroidManifest.xml:12:5-79
17-->src/main/AndroidManifest.xml:12:22-76
18    <uses-permission android:name="android.permission.ACCESS_COARSE_LOCATION" />
18-->src/main/AndroidManifest.xml:13:5-81
18-->src/main/AndroidManifest.xml:13:22-78
19    <uses-permission android:name="android.permission.ACCESS_FINE_LOCATION" />
19-->src/main/AndroidManifest.xml:14:5-79
19-->src/main/AndroidManifest.xml:14:22-76
20    <uses-permission android:name="android.permission.INTERNET" />
20-->src/main/AndroidManifest.xml:15:5-67
20-->src/main/AndroidManifest.xml:15:22-64
21    <uses-permission android:name="android.permission.CALL_PHONE" />
21-->src/main/AndroidManifest.xml:16:5-69
21-->src/main/AndroidManifest.xml:16:22-66
22    <uses-permission android:name="android.permission.FOREGROUND_SERVICE" />
22-->src/main/AndroidManifest.xml:17:5-77
22-->src/main/AndroidManifest.xml:17:22-74
23
24    <permission
24-->src/main/AndroidManifest.xml:19:5-21:47
25        android:name="com.vcc.trackcar.permission.MAPS_RECEIVE"
25-->src/main/AndroidManifest.xml:20:9-64
26        android:protectionLevel="signature" />
26-->src/main/AndroidManifest.xml:21:9-44
27
28    <uses-feature
28-->src/main/AndroidManifest.xml:23:5-25:35
29        android:glEsVersion="0x00020000"
29-->src/main/AndroidManifest.xml:24:9-41
30        android:required="true" />
30-->src/main/AndroidManifest.xml:25:9-32
31
32    <dist:module dist:instant="true" />
32-->src/main/AndroidManifest.xml:26:5-40
32-->src/main/AndroidManifest.xml:26:18-37
33
34    <uses-permission android:name="android.permission.WAKE_LOCK" />
34-->[androidx.work:work-runtime:2.3.3] AndroidManifest.xml:25:5-68
34-->[androidx.work:work-runtime:2.3.3] AndroidManifest.xml:25:22-65
35    <uses-permission android:name="android.permission.RECEIVE_BOOT_COMPLETED" /> <!-- Required by older versions of Google Play services to create IID tokens -->
35-->[androidx.work:work-runtime:2.3.3] AndroidManifest.xml:27:5-81
35-->[androidx.work:work-runtime:2.3.3] AndroidManifest.xml:27:22-78
36    <uses-permission android:name="com.google.android.c2dm.permission.RECEIVE" />
36-->[com.google.firebase:firebase-iid:20.1.1] AndroidManifest.xml:26:5-82
36-->[com.google.firebase:firebase-iid:20.1.1] AndroidManifest.xml:26:22-79
37
38    <application
38-->src/main/AndroidManifest.xml:28:5-121:19
39        android:name="com.vcc.trackcar.ui.base.App"
39-->src/main/AndroidManifest.xml:29:9-36
40        android:allowBackup="false"
40-->src/main/AndroidManifest.xml:30:9-36
41        android:appComponentFactory="androidx.core.app.CoreComponentFactory"
41-->[androidx.core:core:1.2.0] AndroidManifest.xml:24:18-86
42        android:debuggable="true"
43        android:hardwareAccelerated="false"
43-->src/main/AndroidManifest.xml:31:9-44
44        android:icon="@drawable/ic_laucher_trackcar"
44-->src/main/AndroidManifest.xml:32:9-53
45        android:label="@string/app_name"
45-->src/main/AndroidManifest.xml:33:9-41
46        android:largeHeap="true"
46-->src/main/AndroidManifest.xml:34:9-33
47        android:supportsRtl="true"
47-->src/main/AndroidManifest.xml:35:9-35
48        android:testOnly="true"
49        android:theme="@style/AppTheme"
49-->src/main/AndroidManifest.xml:36:9-40
50        android:usesCleartextTraffic="true"
50-->src/main/AndroidManifest.xml:37:9-44
51        android:windowSoftInputMode="adjustPan|adjustPan|adjustResize" >
51-->src/main/AndroidManifest.xml:38:9-71
52
53        <!--
54             The API key for Google Maps-based APIs is defined as a string resource.
55             (See the file "res/values/google_maps_api.xml").
56             Note that the API key is linked to the encryption key used to sign the APK.
57             You need a different API key for each encryption key, including the release key that is used to
58             sign the APK for publishing.
59             You can define the keys for the debug and release targets in src/debug/ and src/release/.
60        -->
61        <meta-data
61-->src/main/AndroidManifest.xml:49:9-51:55
62            android:name="com.google.android.geo.API_KEY"
62-->src/main/AndroidManifest.xml:50:13-58
63            android:value="@string/google_maps_key" />
63-->src/main/AndroidManifest.xml:51:13-52
64        <meta-data
64-->src/main/AndroidManifest.xml:53:9-55:69
65            android:name="com.google.android.gms.version"
65-->src/main/AndroidManifest.xml:54:13-58
66            android:value="@integer/google_play_services_version" />
66-->src/main/AndroidManifest.xml:55:13-66
67
68        <!-- <activity -->
69        <!-- android:name=".TestPolyActivity" -->
70        <!-- android:label="@string/title_activity_maps"> -->
71        <!-- <intent-filter> -->
72        <!-- <action android:name="android.intent.action.MAIN" /> -->
73
74
75        <!-- <category android:name="android.intent.category.LAUNCHER" /> -->
76        <!-- </intent-filter> -->
77        <!-- </activity> -->
78
79        <activity
79-->src/main/AndroidManifest.xml:67:9-78:20
80            android:name="com.vcc.trackcar.ui.splash.SplashScreenActivity"
80-->src/main/AndroidManifest.xml:68:13-59
81            android:configChanges="keyboardHidden|orientation|screenSize"
81-->src/main/AndroidManifest.xml:69:13-74
82            android:screenOrientation="portrait"
82-->src/main/AndroidManifest.xml:70:13-49
83            android:theme="@style/AppTheme.GradientStatusBar"
83-->src/main/AndroidManifest.xml:71:13-62
84            android:windowSoftInputMode="adjustPan" >
84-->src/main/AndroidManifest.xml:72:13-52
85            <intent-filter>
85-->src/main/AndroidManifest.xml:73:13-77:29
86                <action android:name="android.intent.action.MAIN" />
86-->src/main/AndroidManifest.xml:74:17-69
86-->src/main/AndroidManifest.xml:74:25-66
87
88                <category android:name="android.intent.category.LAUNCHER" />
88-->src/main/AndroidManifest.xml:76:17-77
88-->src/main/AndroidManifest.xml:76:27-74
89            </intent-filter>
90        </activity>
91        <activity
91-->src/main/AndroidManifest.xml:80:9-85:63
92            android:name="com.vcc.trackcar.ui.login.LoginActivity"
92-->src/main/AndroidManifest.xml:81:13-51
93            android:configChanges="keyboardHidden|orientation|screenSize"
93-->src/main/AndroidManifest.xml:82:13-74
94            android:screenOrientation="portrait"
94-->src/main/AndroidManifest.xml:83:13-49
95            android:theme="@style/AppTheme.GradientStatusBar"
95-->src/main/AndroidManifest.xml:84:13-62
96            android:windowSoftInputMode="stateAlwaysHidden" />
96-->src/main/AndroidManifest.xml:85:13-60
97        <activity
97-->src/main/AndroidManifest.xml:87:9-93:55
98            android:name="com.vcc.trackcar.MainActivity"
98-->src/main/AndroidManifest.xml:88:13-41
99            android:configChanges="keyboardHidden|orientation|screenSize"
99-->src/main/AndroidManifest.xml:89:13-74
100            android:label="@string/app_name"
100-->src/main/AndroidManifest.xml:90:13-45
101            android:screenOrientation="portrait"
101-->src/main/AndroidManifest.xml:91:13-49
102            android:theme="@style/AppTheme.GradientStatusBar"
102-->src/main/AndroidManifest.xml:92:13-62
103            android:windowSoftInputMode="adjustPan" />
103-->src/main/AndroidManifest.xml:93:13-52
104
105        <service
105-->src/main/AndroidManifest.xml:95:9-98:39
106            android:name="com.vcc.trackcar.LocationUpdatesService"
106-->src/main/AndroidManifest.xml:96:13-51
107            android:enabled="true"
107-->src/main/AndroidManifest.xml:97:13-35
108            android:exported="true" />
108-->src/main/AndroidManifest.xml:98:13-36
109        <service
109-->src/main/AndroidManifest.xml:100:9-106:19
110            android:name="com.vcc.trackcar.ui.service.MyFirebaseMessagingService"
110-->src/main/AndroidManifest.xml:101:13-66
111            android:exported="false" >
111-->src/main/AndroidManifest.xml:102:13-37
112            <intent-filter>
112-->src/main/AndroidManifest.xml:103:13-105:29
113                <action android:name="com.google.firebase.MESSAGING_EVENT" />
113-->src/main/AndroidManifest.xml:104:17-78
113-->src/main/AndroidManifest.xml:104:25-75
114            </intent-filter>
115        </service>
116
117        <meta-data
117-->src/main/AndroidManifest.xml:108:9-110:64
118            android:name="com.google.firebase.messaging.default_notification_icon"
118-->src/main/AndroidManifest.xml:109:13-83
119            android:resource="@drawable/ic_car_notification" />
119-->src/main/AndroidManifest.xml:110:13-61
120        <!--
121             Set color used with incoming notification messages. This is used when no color is set for the incoming
122             notification message. See README(https://goo.gl/6BKBk7) for more.
123        -->
124        <meta-data
124-->src/main/AndroidManifest.xml:113:9-115:53
125            android:name="com.google.firebase.messaging.default_notification_color"
125-->src/main/AndroidManifest.xml:114:13-84
126            android:resource="@color/colorAccent" />
126-->src/main/AndroidManifest.xml:115:13-50
127        <meta-data
127-->src/main/AndroidManifest.xml:117:9-119:71
128            android:name="com.google.firebase.messaging.default_notification_channel_id"
128-->src/main/AndroidManifest.xml:118:13-89
129            android:value="@string/default_notification_channel_id" />
129-->src/main/AndroidManifest.xml:119:13-68
130
131        <activity
131-->[gun0912.ted:tedpermission:2.2.2] AndroidManifest.xml:10:9-14:67
132            android:name="com.gun0912.tedpermission.TedPermissionActivity"
132-->[gun0912.ted:tedpermission:2.2.2] AndroidManifest.xml:11:13-75
133            android:configChanges="mcc|mnc|locale|keyboard|keyboardHidden|screenLayout|fontScale|uiMode|orientation|screenSize|layoutDirection"
133-->[gun0912.ted:tedpermission:2.2.2] AndroidManifest.xml:12:13-144
134            android:screenOrientation="unspecified"
134-->[gun0912.ted:tedpermission:2.2.2] AndroidManifest.xml:13:13-52
135            android:theme="@style/Theme.Transparent.Permission" /> <!-- Needs to be explicitly declared on P+ -->
135-->[gun0912.ted:tedpermission:2.2.2] AndroidManifest.xml:14:13-64
136        <uses-library
136-->[com.google.android.gms:play-services-maps:17.0.0] AndroidManifest.xml:33:9-35:40
137            android:name="org.apache.http.legacy"
137-->[com.google.android.gms:play-services-maps:17.0.0] AndroidManifest.xml:34:13-50
138            android:required="false" />
138-->[com.google.android.gms:play-services-maps:17.0.0] AndroidManifest.xml:35:13-37
139        <!--
140             FirebaseMessagingService performs security checks at runtime,
141             but set to not exported to explicitly avoid allowing another app to call it.
142        -->
143        <service
143-->[com.google.firebase:firebase-messaging:20.1.2] AndroidManifest.xml:28:9-34:19
144            android:name="com.google.firebase.messaging.FirebaseMessagingService"
144-->[com.google.firebase:firebase-messaging:20.1.2] AndroidManifest.xml:29:13-82
145            android:exported="false" >
145-->[com.google.firebase:firebase-messaging:20.1.2] AndroidManifest.xml:30:13-37
146            <intent-filter android:priority="-500" >
146-->src/main/AndroidManifest.xml:103:13-105:29
147                <action android:name="com.google.firebase.MESSAGING_EVENT" />
147-->src/main/AndroidManifest.xml:104:17-78
147-->src/main/AndroidManifest.xml:104:25-75
148            </intent-filter>
149        </service>
150        <service
150-->[com.google.firebase:firebase-messaging:20.1.2] AndroidManifest.xml:35:9-41:19
151            android:name="com.google.firebase.components.ComponentDiscoveryService"
151-->[com.google.firebase:firebase-messaging:20.1.2] AndroidManifest.xml:36:13-84
152            android:directBootAware="true"
152-->[com.google.firebase:firebase-common:19.3.0] AndroidManifest.xml:34:13-43
153            android:exported="false" >
153-->[com.google.firebase:firebase-messaging:20.1.2] AndroidManifest.xml:37:13-37
154            <meta-data
154-->[com.google.firebase:firebase-messaging:20.1.2] AndroidManifest.xml:38:13-40:85
155                android:name="com.google.firebase.components:com.google.firebase.messaging.FirebaseMessagingRegistrar"
155-->[com.google.firebase:firebase-messaging:20.1.2] AndroidManifest.xml:39:17-119
156                android:value="com.google.firebase.components.ComponentRegistrar" />
156-->[com.google.firebase:firebase-messaging:20.1.2] AndroidManifest.xml:40:17-82
157            <meta-data
157-->[com.google.firebase:firebase-iid:20.1.1] AndroidManifest.xml:32:13-34:85
158                android:name="com.google.firebase.components:com.google.firebase.iid.Registrar"
158-->[com.google.firebase:firebase-iid:20.1.1] AndroidManifest.xml:33:17-96
159                android:value="com.google.firebase.components.ComponentRegistrar" />
159-->[com.google.firebase:firebase-iid:20.1.1] AndroidManifest.xml:34:17-82
160            <meta-data
160-->[com.google.firebase:firebase-datatransport:17.0.3] AndroidManifest.xml:28:13-30:85
161                android:name="com.google.firebase.components:com.google.firebase.datatransport.TransportRegistrar"
161-->[com.google.firebase:firebase-datatransport:17.0.3] AndroidManifest.xml:29:17-115
162                android:value="com.google.firebase.components.ComponentRegistrar" />
162-->[com.google.firebase:firebase-datatransport:17.0.3] AndroidManifest.xml:30:17-82
163            <meta-data
163-->[com.google.firebase:firebase-installations:16.0.0] AndroidManifest.xml:17:13-19:85
164                android:name="com.google.firebase.components:com.google.firebase.installations.FirebaseInstallationsRegistrar"
164-->[com.google.firebase:firebase-installations:16.0.0] AndroidManifest.xml:18:17-127
165                android:value="com.google.firebase.components.ComponentRegistrar" />
165-->[com.google.firebase:firebase-installations:16.0.0] AndroidManifest.xml:19:17-82
166        </service>
167
168        <provider
168-->[androidx.work:work-runtime:2.3.3] AndroidManifest.xml:31:9-37:35
169            android:name="androidx.work.impl.WorkManagerInitializer"
169-->[androidx.work:work-runtime:2.3.3] AndroidManifest.xml:32:13-69
170            android:authorities="com.vcc.trackcar.workmanager-init"
170-->[androidx.work:work-runtime:2.3.3] AndroidManifest.xml:33:13-68
171            android:directBootAware="false"
171-->[androidx.work:work-runtime:2.3.3] AndroidManifest.xml:34:13-44
172            android:exported="false"
172-->[androidx.work:work-runtime:2.3.3] AndroidManifest.xml:35:13-37
173            android:multiprocess="true" />
173-->[androidx.work:work-runtime:2.3.3] AndroidManifest.xml:36:13-40
174
175        <service
175-->[androidx.work:work-runtime:2.3.3] AndroidManifest.xml:39:9-44:35
176            android:name="androidx.work.impl.background.systemalarm.SystemAlarmService"
176-->[androidx.work:work-runtime:2.3.3] AndroidManifest.xml:40:13-88
177            android:directBootAware="false"
177-->[androidx.work:work-runtime:2.3.3] AndroidManifest.xml:41:13-44
178            android:enabled="@bool/enable_system_alarm_service_default"
178-->[androidx.work:work-runtime:2.3.3] AndroidManifest.xml:42:13-72
179            android:exported="false" />
179-->[androidx.work:work-runtime:2.3.3] AndroidManifest.xml:43:13-37
180        <service
180-->[androidx.work:work-runtime:2.3.3] AndroidManifest.xml:45:9-51:35
181            android:name="androidx.work.impl.background.systemjob.SystemJobService"
181-->[androidx.work:work-runtime:2.3.3] AndroidManifest.xml:46:13-84
182            android:directBootAware="false"
182-->[androidx.work:work-runtime:2.3.3] AndroidManifest.xml:47:13-44
183            android:enabled="@bool/enable_system_job_service_default"
183-->[androidx.work:work-runtime:2.3.3] AndroidManifest.xml:48:13-70
184            android:exported="true"
184-->[androidx.work:work-runtime:2.3.3] AndroidManifest.xml:49:13-36
185            android:permission="android.permission.BIND_JOB_SERVICE" />
185-->[androidx.work:work-runtime:2.3.3] AndroidManifest.xml:50:13-69
186        <service
186-->[androidx.work:work-runtime:2.3.3] AndroidManifest.xml:52:9-57:35
187            android:name="androidx.work.impl.foreground.SystemForegroundService"
187-->[androidx.work:work-runtime:2.3.3] AndroidManifest.xml:53:13-81
188            android:directBootAware="false"
188-->[androidx.work:work-runtime:2.3.3] AndroidManifest.xml:54:13-44
189            android:enabled="@bool/enable_system_foreground_service_default"
189-->[androidx.work:work-runtime:2.3.3] AndroidManifest.xml:55:13-77
190            android:exported="false" />
190-->[androidx.work:work-runtime:2.3.3] AndroidManifest.xml:56:13-37
191
192        <receiver
192-->[androidx.work:work-runtime:2.3.3] AndroidManifest.xml:59:9-64:35
193            android:name="androidx.work.impl.utils.ForceStopRunnable$BroadcastReceiver"
193-->[androidx.work:work-runtime:2.3.3] AndroidManifest.xml:60:13-88
194            android:directBootAware="false"
194-->[androidx.work:work-runtime:2.3.3] AndroidManifest.xml:61:13-44
195            android:enabled="true"
195-->[androidx.work:work-runtime:2.3.3] AndroidManifest.xml:62:13-35
196            android:exported="false" />
196-->[androidx.work:work-runtime:2.3.3] AndroidManifest.xml:63:13-37
197        <receiver
197-->[androidx.work:work-runtime:2.3.3] AndroidManifest.xml:65:9-75:20
198            android:name="androidx.work.impl.background.systemalarm.ConstraintProxy$BatteryChargingProxy"
198-->[androidx.work:work-runtime:2.3.3] AndroidManifest.xml:66:13-106
199            android:directBootAware="false"
199-->[androidx.work:work-runtime:2.3.3] AndroidManifest.xml:67:13-44
200            android:enabled="false"
200-->[androidx.work:work-runtime:2.3.3] AndroidManifest.xml:68:13-36
201            android:exported="false" >
201-->[androidx.work:work-runtime:2.3.3] AndroidManifest.xml:69:13-37
202            <intent-filter>
202-->[androidx.work:work-runtime:2.3.3] AndroidManifest.xml:71:13-74:29
203                <action android:name="android.intent.action.ACTION_POWER_CONNECTED" />
203-->[androidx.work:work-runtime:2.3.3] AndroidManifest.xml:72:17-87
203-->[androidx.work:work-runtime:2.3.3] AndroidManifest.xml:72:25-84
204                <action android:name="android.intent.action.ACTION_POWER_DISCONNECTED" />
204-->[androidx.work:work-runtime:2.3.3] AndroidManifest.xml:73:17-90
204-->[androidx.work:work-runtime:2.3.3] AndroidManifest.xml:73:25-87
205            </intent-filter>
206        </receiver>
207        <receiver
207-->[androidx.work:work-runtime:2.3.3] AndroidManifest.xml:76:9-86:20
208            android:name="androidx.work.impl.background.systemalarm.ConstraintProxy$BatteryNotLowProxy"
208-->[androidx.work:work-runtime:2.3.3] AndroidManifest.xml:77:13-104
209            android:directBootAware="false"
209-->[androidx.work:work-runtime:2.3.3] AndroidManifest.xml:78:13-44
210            android:enabled="false"
210-->[androidx.work:work-runtime:2.3.3] AndroidManifest.xml:79:13-36
211            android:exported="false" >
211-->[androidx.work:work-runtime:2.3.3] AndroidManifest.xml:80:13-37
212            <intent-filter>
212-->[androidx.work:work-runtime:2.3.3] AndroidManifest.xml:82:13-85:29
213                <action android:name="android.intent.action.BATTERY_OKAY" />
213-->[androidx.work:work-runtime:2.3.3] AndroidManifest.xml:83:17-77
213-->[androidx.work:work-runtime:2.3.3] AndroidManifest.xml:83:25-74
214                <action android:name="android.intent.action.BATTERY_LOW" />
214-->[androidx.work:work-runtime:2.3.3] AndroidManifest.xml:84:17-76
214-->[androidx.work:work-runtime:2.3.3] AndroidManifest.xml:84:25-73
215            </intent-filter>
216        </receiver>
217        <receiver
217-->[androidx.work:work-runtime:2.3.3] AndroidManifest.xml:87:9-97:20
218            android:name="androidx.work.impl.background.systemalarm.ConstraintProxy$StorageNotLowProxy"
218-->[androidx.work:work-runtime:2.3.3] AndroidManifest.xml:88:13-104
219            android:directBootAware="false"
219-->[androidx.work:work-runtime:2.3.3] AndroidManifest.xml:89:13-44
220            android:enabled="false"
220-->[androidx.work:work-runtime:2.3.3] AndroidManifest.xml:90:13-36
221            android:exported="false" >
221-->[androidx.work:work-runtime:2.3.3] AndroidManifest.xml:91:13-37
222            <intent-filter>
222-->[androidx.work:work-runtime:2.3.3] AndroidManifest.xml:93:13-96:29
223                <action android:name="android.intent.action.DEVICE_STORAGE_LOW" />
223-->[androidx.work:work-runtime:2.3.3] AndroidManifest.xml:94:17-83
223-->[androidx.work:work-runtime:2.3.3] AndroidManifest.xml:94:25-80
224                <action android:name="android.intent.action.DEVICE_STORAGE_OK" />
224-->[androidx.work:work-runtime:2.3.3] AndroidManifest.xml:95:17-82
224-->[androidx.work:work-runtime:2.3.3] AndroidManifest.xml:95:25-79
225            </intent-filter>
226        </receiver>
227        <receiver
227-->[androidx.work:work-runtime:2.3.3] AndroidManifest.xml:98:9-107:20
228            android:name="androidx.work.impl.background.systemalarm.ConstraintProxy$NetworkStateProxy"
228-->[androidx.work:work-runtime:2.3.3] AndroidManifest.xml:99:13-103
229            android:directBootAware="false"
229-->[androidx.work:work-runtime:2.3.3] AndroidManifest.xml:100:13-44
230            android:enabled="false"
230-->[androidx.work:work-runtime:2.3.3] AndroidManifest.xml:101:13-36
231            android:exported="false" >
231-->[androidx.work:work-runtime:2.3.3] AndroidManifest.xml:102:13-37
232            <intent-filter>
232-->[androidx.work:work-runtime:2.3.3] AndroidManifest.xml:104:13-106:29
233                <action android:name="android.net.conn.CONNECTIVITY_CHANGE" />
233-->[androidx.work:work-runtime:2.3.3] AndroidManifest.xml:105:17-79
233-->[androidx.work:work-runtime:2.3.3] AndroidManifest.xml:105:25-76
234            </intent-filter>
235        </receiver>
236        <receiver
236-->[androidx.work:work-runtime:2.3.3] AndroidManifest.xml:108:9-119:20
237            android:name="androidx.work.impl.background.systemalarm.RescheduleReceiver"
237-->[androidx.work:work-runtime:2.3.3] AndroidManifest.xml:109:13-88
238            android:directBootAware="false"
238-->[androidx.work:work-runtime:2.3.3] AndroidManifest.xml:110:13-44
239            android:enabled="false"
239-->[androidx.work:work-runtime:2.3.3] AndroidManifest.xml:111:13-36
240            android:exported="false" >
240-->[androidx.work:work-runtime:2.3.3] AndroidManifest.xml:112:13-37
241            <intent-filter>
241-->[androidx.work:work-runtime:2.3.3] AndroidManifest.xml:114:13-118:29
242                <action android:name="android.intent.action.BOOT_COMPLETED" />
242-->[androidx.work:work-runtime:2.3.3] AndroidManifest.xml:115:17-79
242-->[androidx.work:work-runtime:2.3.3] AndroidManifest.xml:115:25-76
243                <action android:name="android.intent.action.TIME_SET" />
243-->[androidx.work:work-runtime:2.3.3] AndroidManifest.xml:116:17-73
243-->[androidx.work:work-runtime:2.3.3] AndroidManifest.xml:116:25-70
244                <action android:name="android.intent.action.TIMEZONE_CHANGED" />
244-->[androidx.work:work-runtime:2.3.3] AndroidManifest.xml:117:17-81
244-->[androidx.work:work-runtime:2.3.3] AndroidManifest.xml:117:25-78
245            </intent-filter>
246        </receiver>
247        <receiver
247-->[androidx.work:work-runtime:2.3.3] AndroidManifest.xml:120:9-129:20
248            android:name="androidx.work.impl.background.systemalarm.ConstraintProxyUpdateReceiver"
248-->[androidx.work:work-runtime:2.3.3] AndroidManifest.xml:121:13-99
249            android:directBootAware="false"
249-->[androidx.work:work-runtime:2.3.3] AndroidManifest.xml:122:13-44
250            android:enabled="@bool/enable_system_alarm_service_default"
250-->[androidx.work:work-runtime:2.3.3] AndroidManifest.xml:123:13-72
251            android:exported="false" >
251-->[androidx.work:work-runtime:2.3.3] AndroidManifest.xml:124:13-37
252            <intent-filter>
252-->[androidx.work:work-runtime:2.3.3] AndroidManifest.xml:126:13-128:29
253                <action android:name="androidx.work.impl.background.systemalarm.UpdateProxies" />
253-->[androidx.work:work-runtime:2.3.3] AndroidManifest.xml:127:17-98
253-->[androidx.work:work-runtime:2.3.3] AndroidManifest.xml:127:25-95
254            </intent-filter>
255        </receiver>
256        <receiver
256-->[com.google.firebase:firebase-iid:20.1.1] AndroidManifest.xml:37:9-44:20
257            android:name="com.google.firebase.iid.FirebaseInstanceIdReceiver"
257-->[com.google.firebase:firebase-iid:20.1.1] AndroidManifest.xml:38:13-78
258            android:exported="true"
258-->[com.google.firebase:firebase-iid:20.1.1] AndroidManifest.xml:39:13-36
259            android:permission="com.google.android.c2dm.permission.SEND" >
259-->[com.google.firebase:firebase-iid:20.1.1] AndroidManifest.xml:40:13-73
260            <intent-filter>
260-->[com.google.firebase:firebase-iid:20.1.1] AndroidManifest.xml:41:13-43:29
261                <action android:name="com.google.android.c2dm.intent.RECEIVE" />
261-->[com.google.firebase:firebase-iid:20.1.1] AndroidManifest.xml:42:17-81
261-->[com.google.firebase:firebase-iid:20.1.1] AndroidManifest.xml:42:25-78
262            </intent-filter>
263        </receiver>
264
265        <activity
265-->[com.google.android.gms:play-services-base:17.0.0] AndroidManifest.xml:23:9-26:75
266            android:name="com.google.android.gms.common.api.GoogleApiActivity"
266-->[com.google.android.gms:play-services-base:17.0.0] AndroidManifest.xml:24:13-79
267            android:exported="false"
267-->[com.google.android.gms:play-services-base:17.0.0] AndroidManifest.xml:25:13-37
268            android:theme="@android:style/Theme.Translucent.NoTitleBar" />
268-->[com.google.android.gms:play-services-base:17.0.0] AndroidManifest.xml:26:13-72
269
270        <provider
270-->[com.google.firebase:firebase-common:19.3.0] AndroidManifest.xml:26:9-30:39
271            android:name="com.google.firebase.provider.FirebaseInitProvider"
271-->[com.google.firebase:firebase-common:19.3.0] AndroidManifest.xml:27:13-77
272            android:authorities="com.vcc.trackcar.firebaseinitprovider"
272-->[com.google.firebase:firebase-common:19.3.0] AndroidManifest.xml:28:13-72
273            android:exported="false"
273-->[com.google.firebase:firebase-common:19.3.0] AndroidManifest.xml:29:13-37
274            android:initOrder="100" />
274-->[com.google.firebase:firebase-common:19.3.0] AndroidManifest.xml:30:13-36
275
276        <service
276-->[com.google.android.datatransport:transport-backend-cct:2.2.0] AndroidManifest.xml:29:9-35:19
277            android:name="com.google.android.datatransport.runtime.backends.TransportBackendDiscovery"
277-->[com.google.android.datatransport:transport-backend-cct:2.2.0] AndroidManifest.xml:30:13-103
278            android:exported="false" >
278-->[com.google.android.datatransport:transport-backend-cct:2.2.0] AndroidManifest.xml:31:13-37
279            <meta-data
279-->[com.google.android.datatransport:transport-backend-cct:2.2.0] AndroidManifest.xml:32:13-34:39
280                android:name="backend:com.google.android.datatransport.cct.CctBackendFactory"
280-->[com.google.android.datatransport:transport-backend-cct:2.2.0] AndroidManifest.xml:33:17-94
281                android:value="cct" />
281-->[com.google.android.datatransport:transport-backend-cct:2.2.0] AndroidManifest.xml:34:17-36
282        </service>
283        <service
283-->[com.google.android.datatransport:transport-runtime:2.2.0] AndroidManifest.xml:26:9-30:19
284            android:name="com.google.android.datatransport.runtime.scheduling.jobscheduling.JobInfoSchedulerService"
284-->[com.google.android.datatransport:transport-runtime:2.2.0] AndroidManifest.xml:27:13-117
285            android:exported="false"
285-->[com.google.android.datatransport:transport-runtime:2.2.0] AndroidManifest.xml:28:13-37
286            android:permission="android.permission.BIND_JOB_SERVICE" >
286-->[com.google.android.datatransport:transport-runtime:2.2.0] AndroidManifest.xml:29:13-69
287        </service>
288
289        <receiver
289-->[com.google.android.datatransport:transport-runtime:2.2.0] AndroidManifest.xml:32:9-34:40
290            android:name="com.google.android.datatransport.runtime.scheduling.jobscheduling.AlarmManagerSchedulerBroadcastReceiver"
290-->[com.google.android.datatransport:transport-runtime:2.2.0] AndroidManifest.xml:33:13-132
291            android:exported="false" />
291-->[com.google.android.datatransport:transport-runtime:2.2.0] AndroidManifest.xml:34:13-37
292
293        <provider
293-->[androidx.lifecycle:lifecycle-process:2.2.0] AndroidManifest.xml:25:9-29:43
294            android:name="androidx.lifecycle.ProcessLifecycleOwnerInitializer"
294-->[androidx.lifecycle:lifecycle-process:2.2.0] AndroidManifest.xml:26:13-79
295            android:authorities="com.vcc.trackcar.lifecycle-process"
295-->[androidx.lifecycle:lifecycle-process:2.2.0] AndroidManifest.xml:27:13-69
296            android:exported="false"